<?xml version="1.0" encoding="UTF-8"?>
<!-- Generated by org.testng.reporters.JUnitXMLReporter -->
<testsuite ignored="0" hostname="DESKTOP-OB8BAPB" failures="1" tests="2" name="Test" time="87.513" errors="0" timestamp="2023-08-22T16:34:39 IST">
  <testcase classname="com.W3Schools.test.MyLearningTest" name="validatingMyLearning" time="28.431"/>
  <testcase classname="com.W3Schools.test.CertificateTest" name="clickOnCertiFicates" time="57.972">
    <failure type="java.lang.AssertionError" message="expected [Java Certification Exam] but found [null]">
      <![CDATA[java.lang.AssertionError: expected [Java Certification Exam] but found [null]
at com.W3Schools.test.CertificateTest.clickOnCertiFicates(CertificateTest.java:25)
at java.base/java.util.ArrayList.forEach(ArrayList.java:1511)
... Removed 33 stack frames]]>
    </failure>
  </testcase> <!-- clickOnCertiFicates -->
</testsuite> <!-- Test -->
