<?xml version="1.0" encoding="UTF-8"?>
<testng-results ignored="0" total="2" passed="2" failed="0" skipped="0">
  <reporter-output>
  </reporter-output>
  <suite started-at="2023-08-17T16:21:47 IST" name="Suite" finished-at="2023-08-17T16:23:07 IST" duration-ms="80174">
    <groups>
    </groups>
    <test started-at="2023-08-17T16:21:47 IST" name="Test" finished-at="2023-08-17T16:23:07 IST" duration-ms="80174">
      <class name="com.W3Schools.test.LoginTest">
        <test-method signature="loginWithInvalidEmail()[pri:0, instance:com.W3Schools.test.LoginTest@353352b6]" started-at="2023-08-17T16:21:47 IST" name="loginWithInvalidEmail" finished-at="2023-08-17T16:22:46 IST" duration-ms="59290" status="PASS">
          <reporter-output>
          </reporter-output>
        </test-method> <!-- loginWithInvalidEmail -->
        <test-method is-config="true" signature="closeAllBrowsers()[pri:0, instance:com.W3Schools.test.LoginTest@353352b6]" started-at="2023-08-17T16:22:46 IST" name="closeAllBrowsers" finished-at="2023-08-17T16:22:47 IST" duration-ms="589" status="PASS">
          <reporter-output>
          </reporter-output>
        </test-method> <!-- closeAllBrowsers -->
        <test-method signature="loginWithValidCredentials()[pri:0, instance:com.W3Schools.test.LoginTest@353352b6]" started-at="2023-08-17T16:22:47 IST" name="loginWithValidCredentials" finished-at="2023-08-17T16:23:06 IST" duration-ms="19651" status="PASS">
          <reporter-output>
          </reporter-output>
        </test-method> <!-- loginWithValidCredentials -->
        <test-method is-config="true" signature="closeAllBrowsers()[pri:0, instance:com.W3Schools.test.LoginTest@353352b6]" started-at="2023-08-17T16:23:06 IST" name="closeAllBrowsers" finished-at="2023-08-17T16:23:07 IST" duration-ms="580" status="PASS">
          <reporter-output>
          </reporter-output>
        </test-method> <!-- closeAllBrowsers -->
      </class> <!-- com.W3Schools.test.LoginTest -->
      <class name="com.W3Schools.utils.Reports">
        <test-method is-config="true" signature="startReport()[pri:0, instance:com.W3Schools.utils.Reports@48075da3]" started-at="2023-08-17T16:21:46 IST" name="startReport" finished-at="2023-08-17T16:21:47 IST" duration-ms="402" status="PASS">
          <reporter-output>
          </reporter-output>
        </test-method> <!-- startReport -->
        <test-method is-config="true" signature="endReport()[pri:0, instance:com.W3Schools.utils.Reports@48075da3]" started-at="2023-08-17T16:23:07 IST" name="endReport" finished-at="2023-08-17T16:23:08 IST" duration-ms="560" status="PASS">
          <reporter-output>
          </reporter-output>
        </test-method> <!-- endReport -->
      </class> <!-- com.W3Schools.utils.Reports -->
    </test> <!-- Test -->
  </suite> <!-- Suite -->
</testng-results>
