<?xml version="1.0" encoding="UTF-8"?>
<testng-results ignored="0" total="1" passed="1" failed="0" skipped="0">
  <reporter-output>
  </reporter-output>
  <suite started-at="2023-08-28T10:57:44 IST" name="Default suite" finished-at="2023-08-28T10:59:48 IST" duration-ms="123940">
    <groups>
    </groups>
    <test started-at="2023-08-28T10:57:44 IST" name="Default test" finished-at="2023-08-28T10:59:48 IST" duration-ms="123940">
      <class name="com.W3Schools.test.ProfileTest">
        <test-method signature="profilePage()[pri:0, instance:com.W3Schools.test.ProfileTest@69e153c5]" started-at="2023-08-28T10:57:44 IST" name="profilePage" finished-at="2023-08-28T10:59:48 IST" duration-ms="123377" status="PASS">
          <reporter-output>
          </reporter-output>
        </test-method> <!-- profilePage -->
        <test-method is-config="true" signature="closeAllBrowsers()[pri:0, instance:com.W3Schools.test.ProfileTest@69e153c5]" started-at="2023-08-28T10:59:48 IST" name="closeAllBrowsers" finished-at="2023-08-28T10:59:48 IST" duration-ms="437" status="PASS">
          <reporter-output>
          </reporter-output>
        </test-method> <!-- closeAllBrowsers -->
      </class> <!-- com.W3Schools.test.ProfileTest -->
    </test> <!-- Default test -->
  </suite> <!-- Default suite -->
</testng-results>
